Using pre-set license
Built from '2020.2/release' branch; Version is '2020.2.1f1 (270dd8c3da1c) revision 2559448'; Using compiler version '192528614'; Build Type 'Release'
OS: 'Windows 10  (10.0.0) 64bit' Language: 'en' Physical Memory: 8033 MB
BatchMode: 1, IsHumanControllingUs: 0, StartBugReporterOnCrash: 0, Is64bit: 1, IsPro: 0

 COMMAND LINE ARGUMENTS:
C:\Program Files\Unity\2020.2.1f1\Editor\Unity.exe
-adb2
-batchMode
-noUpm
-name
AssetImportWorker3
-projectPath
C:/Users/fwang/OneDrive/Documents/GitHub/Anarchy/Anarchy
-logFile
Logs/AssetImportWorker3.log
-srvPort
62638
Successfully changed project path to: C:/Users/fwang/OneDrive/Documents/GitHub/Anarchy/Anarchy
C:/Users/fwang/OneDrive/Documents/GitHub/Anarchy/Anarchy
Using Asset Import Pipeline V2.
Refreshing native plugins compatible for Editor in 300.21 ms, found 0 plugins.
Preloading 0 native plugins for Editor in 0.00 ms.
Initialize engine version: 2020.2.1f1 (270dd8c3da1c)
[Subsystems] Discovering subsystems at path C:/Program Files/Unity/2020.2.1f1/Editor/Data/Resources/UnitySubsystems
[Subsystems] Discovering subsystems at path C:/Users/fwang/OneDrive/Documents/GitHub/Anarchy/Anarchy/Assets
GfxDevice: creating device client; threaded=0
Direct3D:
    Version:  Direct3D 11.0 [level 11.1]
    Renderer: Intel(R) UHD Graphics 620 (ID=0x5917)
    Vendor:   
    VRAM:     4016 MB
    Driver:   23.20.16.5044
Initialize mono
Mono path[0] = 'C:/Program Files/Unity/2020.2.1f1/Editor/Data/Managed'
Mono path[1] = 'C:/Program Files/Unity/2020.2.1f1/Editor/Data/MonoBleedingEdge/lib/mono/unityjit'
Mono config path = 'C:/Program Files/Unity/2020.2.1f1/Editor/Data/MonoBleedingEdge/etc'
Using monoOptions --debugger-agent=transport=dt_socket,embedding=1,server=y,suspend=n,address=127.0.0.1:56380
Begin MonoManager ReloadAssembly
Registering precompiled unity dll's ...
Register platform support module: C:/Program Files/Unity/2020.2.1f1/Editor/Data/PlaybackEngines/WindowsStandaloneSupport/UnityEditor.WindowsStandalone.Extensions.dll
Registered in 0.005106 seconds.
Native extension for WindowsStandalone target not found
Refreshing native plugins compatible for Editor in 256.05 ms, found 0 plugins.
Preloading 0 native plugins for Editor in 0.00 ms.
Invoked RoslynAnalysisRunner static constructor.
RoslynAnalysisRunner will not be running.
RoslynAnalysisRunner has terminated.
Mono: successfully reloaded assembly
- Completed reload, in  2.928 seconds
Platform modules already initialized, skipping
Registering precompiled user dll's ...
Registered in 0.018908 seconds.
Begin MonoManager ReloadAssembly
Native extension for WindowsStandalone target not found
Refreshing native plugins compatible for Editor in 187.29 ms, found 0 plugins.
Preloading 0 native plugins for Editor in 0.00 ms.
Invoked RoslynAnalysisRunner static constructor.
RoslynAnalysisRunner will not be running.
RoslynAnalysisRunner has terminated.
Mono: successfully reloaded assembly
- Completed reload, in  2.917 seconds
Platform modules already initialized, skipping
========================================================================
Worker process is ready to serve import requests
Launched and connected shader compiler UnityShaderCompiler.exe after 0.05 seconds
Refreshing native plugins compatible for Editor in 2.26 ms, found 0 plugins.
Preloading 0 native plugins for Editor in 0.00 ms.
Unloading 3981 Unused Serialized files (Serialized files now loaded: 0)
System memory in use before: 183.4 MB.
System memory in use after: 183.6 MB.

Unloading 40 unused Assets to reduce memory usage. Loaded Objects now: 4418.
Total: 5.365000 ms (FindLiveObjects: 0.936700 ms CreateObjectMapping: 0.479100 ms MarkObjects: 3.845800 ms  DeleteObjects: 0.101100 ms)

========================================================================
Received Import Request.
  path: Assets/HDRPDefaultResources/Foliage Diffusion Profile.asset
  artifactKey: Guid(4b0e0a949d700b444bf89217e3e55a00) Importer(815301076,1909f56bfc062723c751e8b465ee728b)
Start importing Assets/HDRPDefaultResources/Foliage Diffusion Profile.asset using Guid(4b0e0a949d700b444bf89217e3e55a00) Importer(815301076,1909f56bfc062723c751e8b465ee728b)  -> (artifact id: '2c529a62d6361d14b8c4dcd6ad538506') in 0.090767 seconds
  Import took 0.107311 seconds .

========================================================================
Received Import Request.
  Time since last request: 0.000357 seconds.
  path: Assets/HDRPDefaultResources/Skin Diffusion Profile.asset
  artifactKey: Guid(afb374d1388a98e42ad69aed64fd940f) Importer(815301076,1909f56bfc062723c751e8b465ee728b)
Start importing Assets/HDRPDefaultResources/Skin Diffusion Profile.asset using Guid(afb374d1388a98e42ad69aed64fd940f) Importer(815301076,1909f56bfc062723c751e8b465ee728b)  -> (artifact id: '16d765ab1e150ac4243263f643350f8c') in 0.021403 seconds
  Import took 0.036170 seconds .

========================================================================
Received Import Request.
  Time since last request: 0.000597 seconds.
  path: Assets/HDRPDefaultResources/DefaultSettingsVolumeProfile.asset
  artifactKey: Guid(fb90e69ad247b044ea7ecc64e7f2c651) Importer(815301076,1909f56bfc062723c751e8b465ee728b)
Start importing Assets/HDRPDefaultResources/DefaultSettingsVolumeProfile.asset using Guid(fb90e69ad247b044ea7ecc64e7f2c651) Importer(815301076,1909f56bfc062723c751e8b465ee728b)  -> (artifact id: '844e91581be94e507529cbc72ae37e2f') in 0.021557 seconds
  Import took 0.037808 seconds .

========================================================================
Received Import Request.
  Time since last request: 0.000340 seconds.
  path: Assets/HDRPDefaultResources/HDRenderPipelineAsset.asset
  artifactKey: Guid(e1704036a1f04fa479cdb4082ebba273) Importer(815301076,1909f56bfc062723c751e8b465ee728b)
Start importing Assets/HDRPDefaultResources/HDRenderPipelineAsset.asset using Guid(e1704036a1f04fa479cdb4082ebba273) Importer(815301076,1909f56bfc062723c751e8b465ee728b)  -> (artifact id: '94637c759f4637a9a8bcdf9c8c3556b7') in 0.022904 seconds
  Import took 0.034467 seconds .

========================================================================
Received Import Request.
  Time since last request: 9.682440 seconds.
  path: Assets/HDRPDefaultResources
  artifactKey: Guid(dc0926a33f3b6714daf65814d66481ec) Importer(815301076,1909f56bfc062723c751e8b465ee728b)
Start importing Assets/HDRPDefaultResources using Guid(dc0926a33f3b6714daf65814d66481ec) Importer(815301076,1909f56bfc062723c751e8b465ee728b)  -> (artifact id: 'f53ea9340294fc5dca86558e33365c52') in 0.015351 seconds
  Import took 0.031645 seconds .

========================================================================
Received Import Request.
  Time since last request: 0.019168 seconds.
  path: Assets/HDRPDefaultResources
  artifactKey: Guid(dc0926a33f3b6714daf65814d66481ec) Importer(815301076,1909f56bfc062723c751e8b465ee728b)
Start importing Assets/HDRPDefaultResources using Guid(dc0926a33f3b6714daf65814d66481ec) Importer(815301076,1909f56bfc062723c751e8b465ee728b)  -> (artifact id: 'f53ea9340294fc5dca86558e33365c52') in 0.006030 seconds
  Import took 0.026570 seconds .

AssetImportWorkerClient::OnTransportError - code=2 error=End of file
